
> build
> slidev build --base /learn-ai/ppts/vibe-coding/



  [36m●[39m[34m■[39m[33m▲[39m
[1m  Slidev[22m  [34mv52.12.0[39m 

[2m  theme       [22m[32m@slidev/theme-default[39m
[2m  css engine  [22m[34munocss[39m
[2m  entry       [22m[2m/Users/zenheart/code/github/learn-ai/ppts/vibe-coding/[22mslides.md
vite v7.3.1 building client environment for production...
(node:10946) Warning: `--localstorage-file` was provided without a valid path
(Use `node --trace-warnings ...` to show where the warning was created)
transforming...
✓ 431 modules transformed.
✗ Build failed in 1.82s
[vite:vue] [plugin vite:vue] components/VibeExample.vue (133:1): Invalid end tag.
file: /Users/zenheart/code/github/learn-ai/ppts/vibe-coding/components/VibeExample.vue:133:1
SyntaxError: [plugin vite:vue] components/VibeExample.vue (133:1): Invalid end tag.
    at createCompilerError (/Users/zenheart/code/github/learn-ai/node_modules/.pnpm/@vue+compiler-core@3.5.28/node_modules/@vue/compiler-core/dist/compiler-core.cjs.js:1378:17)
    at emitError (/Users/zenheart/code/github/learn-ai/node_modules/.pnpm/@vue+compiler-core@3.5.28/node_modules/@vue/compiler-core/dist/compiler-core.cjs.js:3014:5)
    at Object.onclosetag (/Users/zenheart/code/github/learn-ai/node_modules/.pnpm/@vue+compiler-core@3.5.28/node_modules/@vue/compiler-core/dist/compiler-core.cjs.js:2391:9)
    at Tokenizer.stateInClosingTagName (/Users/zenheart/code/github/learn-ai/node_modules/.pnpm/@vue+compiler-core@3.5.28/node_modules/@vue/compiler-core/dist/compiler-core.cjs.js:799:16)
    at Tokenizer.parse (/Users/zenheart/code/github/learn-ai/node_modules/.pnpm/@vue+compiler-core@3.5.28/node_modules/@vue/compiler-core/dist/compiler-core.cjs.js:1157:16)
    at Object.baseParse (/Users/zenheart/code/github/learn-ai/node_modules/.pnpm/@vue+compiler-core@3.5.28/node_modules/@vue/compiler-core/dist/compiler-core.cjs.js:3053:13)
    at Object.parse (/Users/zenheart/code/github/learn-ai/node_modules/.pnpm/@vue+compiler-dom@3.5.28/node_modules/@vue/compiler-dom/dist/compiler-dom.cjs.js:910:23)
    at Object.parse$1 [as parse] (/Users/zenheart/code/github/learn-ai/node_modules/.pnpm/@vue+compiler-sfc@3.5.28/node_modules/@vue/compiler-sfc/dist/compiler-sfc.cjs.js:1824:24)
    at createDescriptor (file:///Users/zenheart/code/github/learn-ai/node_modules/.pnpm/@vitejs+plugin-vue@6.0.4_vite@7.3.1_@types+node@22.19.11_jiti@2.6.1_tsx@4.21.0_yaml@2.8.2__vue@3.5.28_typescript@5.9.3_/node_modules/@vitejs/plugin-vue/dist/index.mjs:54:42)
    at transformMain (file:///Users/zenheart/code/github/learn-ai/node_modules/.pnpm/@vitejs+plugin-vue@6.0.4_vite@7.3.1_@types+node@22.19.11_jiti@2.6.1_tsx@4.21.0_yaml@2.8.2__vue@3.5.28_typescript@5.9.3_/node_modules/@vitejs/plugin-vue/dist/index.mjs:1319:33) {
  id: '/Users/zenheart/code/github/learn-ai/ppts/vibe-coding/components/VibeExample.vue',
  plugin: 'vite:vue',
  name: 'RollupError',
  loc: {
    file: '/Users/zenheart/code/github/learn-ai/ppts/vibe-coding/components/VibeExample.vue',
    line: 133,
    column: 1
  },
  hook: 'transform',
  code: 'PLUGIN_ERROR',
  watchFiles: [
    '/Users/zenheart/code/github/learn-ai/ppts/vibe-coding/index.html',
    '/Users/zenheart/code/github/learn-ai/node_modules/.pnpm/@slidev+client@52.12.0_@nuxt+kit@3.21.0_@vue+compiler-sfc@3.5.28_markdown-it-async@2.2.0_post_czntziis7hcq4ciflhg5inqrtu/node_modules/@slidev/client/main.ts',
    '/Users/zenheart/code/github/learn-ai/node_modules/.pnpm/vue@3.5.28_typescript@5.9.3/node_modules/vue/dist/vue.esm-bundler.js',
    '/Users/zenheart/code/github/learn-ai/node_modules/.pnpm/@slidev+client@52.12.0_@nuxt+kit@3.21.0_@vue+compiler-sfc@3.5.28_markdown-it-async@2.2.0_post_czntziis7hcq4ciflhg5inqrtu/node_modules/@slidev/client/setup/main.ts',
    '/Users/zenheart/code/github/learn-ai/node_modules/.pnpm/@slidev+client@52.12.0_@nuxt+kit@3.21.0_@vue+compiler-sfc@3.5.28_markdown-it-async@2.2.0_post_czntziis7hcq4ciflhg5inqrtu/node_modules/@slidev/client/App.vue',
    '/Users/zenheart/code/github/learn-ai/node_modules/.pnpm/@vue+compiler-dom@3.5.28/node_modules/@vue/compiler-dom/dist/compiler-dom.esm-bundler.js',
    '/Users/zenheart/code/github/learn-ai/node_modules/.pnpm/@vue+shared@3.5.28/node_modules/@vue/shared/dist/shared.esm-bundler.js',
    '/Users/zenheart/code/github/learn-ai/node_modules/.pnpm/@vue+runtime-dom@3.5.28/node_modules/@vue/runtime-dom/dist/runtime-dom.esm-bundler.js',
    '/Users/zenheart/code/github/learn-ai/node_modules/.pnpm/@shikijs+vitepress-twoslash@3.22.0_@nuxt+kit@3.21.0_typescript@5.9.3/node_modules/@shikijs/vitepress-twoslash/dist/client.mjs',
    '/Users/zenheart/code/github/learn-ai/node_modules/.pnpm/@unhead+vue@2.1.4_vue@3.5.28_typescript@5.9.3_/node_modules/@unhead/vue/dist/client.mjs',
    '/Users/zenheart/code/github/learn-ai/node_modules/.pnpm/vue-router@4.6.4_vue@3.5.28_typescript@5.9.3_/node_modules/vue-router/dist/vue-router.mjs',
    '/Users/zenheart/code/github/learn-ai/node_modules/.pnpm/@slidev+client@52.12.0_@nuxt+kit@3.21.0_@vue+compiler-sfc@3.5.28_markdown-it-async@2.2.0_post_czntziis7hcq4ciflhg5inqrtu/node_modules/@slidev/client/modules/v-click.ts',
    '/Users/zenheart/code/github/learn-ai/node_modules/.pnpm/@slidev+client@52.12.0_@nuxt+kit@3.21.0_@vue+compiler-sfc@3.5.28_markdown-it-async@2.2.0_post_czntziis7hcq4ciflhg5inqrtu/node_modules/@slidev/client/modules/v-motion.ts',
    '/Users/zenheart/code/github/learn-ai/node_modules/.pnpm/@slidev+client@52.12.0_@nuxt+kit@3.21.0_@vue+compiler-sfc@3.5.28_markdown-it-async@2.2.0_post_czntziis7hcq4ciflhg5inqrtu/node_modules/@slidev/client/modules/v-drag.ts',
    '/Users/zenheart/code/github/learn-ai/node_modules/.pnpm/@slidev+client@52.12.0_@nuxt+kit@3.21.0_@vue+compiler-sfc@3.5.28_markdown-it-async@2.2.0_post_czntziis7hcq4ciflhg5inqrtu/node_modules/@slidev/client/modules/v-mark.ts',
    '/Users/zenheart/code/github/learn-ai/node_modules/.pnpm/@slidev+client@52.12.0_@nuxt+kit@3.21.0_@vue+compiler-sfc@3.5.28_markdown-it-async@2.2.0_post_czntziis7hcq4ciflhg5inqrtu/node_modules/@slidev/client/setup/routes.ts',
    '/Users/zenheart/code/github/learn-ai/node_modules/.pnpm/@slidev+client@52.12.0_@nuxt+kit@3.21.0_@vue+compiler-sfc@3.5.28_markdown-it-async@2.2.0_post_czntziis7hcq4ciflhg5inqrtu/node_modules/@slidev/client/setup/root.ts',
    '/Users/zenheart/code/github/learn-ai/node_modules/.pnpm/@slidev+client@52.12.0_@nuxt+kit@3.21.0_@vue+compiler-sfc@3.5.28_markdown-it-async@2.2.0_post_czntziis7hcq4ciflhg5inqrtu/node_modules/@slidev/client/env.ts',
    '/Users/zenheart/code/github/learn-ai/ppts/vibe-coding/setup/main.ts',
    '/Users/zenheart/code/github/learn-ai/node_modules/.pnpm/@slidev+theme-default@0.25.0/node_modules/@slidev/theme-default/styles/index.ts',
    '/Users/zenheart/code/github/learn-ai/node_modules/.pnpm/@slidev+client@52.12.0_@nuxt+kit@3.21.0_@vue+compiler-sfc@3.5.28_markdown-it-async@2.2.0_post_czntziis7hcq4ciflhg5inqrtu/node_modules/@slidev/client/styles/index.css',
    '/Users/zenheart/code/github/learn-ai/node_modules/.pnpm/@slidev+client@52.12.0_@nuxt+kit@3.21.0_@vue+compiler-sfc@3.5.28_markdown-it-async@2.2.0_post_czntziis7hcq4ciflhg5inqrtu/node_modules/@slidev/client/styles/vars.css',
    '/Users/zenheart/code/github/learn-ai/node_modules/.pnpm/@slidev+client@52.12.0_@nuxt+kit@3.21.0_@vue+compiler-sfc@3.5.28_markdown-it-async@2.2.0_post_czntziis7hcq4ciflhg5inqrtu/node_modules/@slidev/client/styles/code.css',
    '/Users/zenheart/code/github/learn-ai/node_modules/.pnpm/@slidev+client@52.12.0_@nuxt+kit@3.21.0_@vue+compiler-sfc@3.5.28_markdown-it-async@2.2.0_post_czntziis7hcq4ciflhg5inqrtu/node_modules/@slidev/client/styles/transitions.css',
    '/Users/zenheart/code/github/learn-ai/node_modules/.pnpm/@slidev+client@52.12.0_@nuxt+kit@3.21.0_@vue+compiler-sfc@3.5.28_markdown-it-async@2.2.0_post_czntziis7hcq4ciflhg5inqrtu/node_modules/@slidev/client/styles/katex.css',
    '/Users/zenheart/code/github/learn-ai/ppts/vibe-coding/style.css',
    '/Users/zenheart/code/github/learn-ai/node_modules/.pnpm/@shikijs+vitepress-twoslash@3.22.0_@nuxt+kit@3.21.0_typescript@5.9.3/node_modules/@shikijs/vitepress-twoslash/style.css',
    '/Users/zenheart/code/github/learn-ai/node_modules/.pnpm/@slidev+client@52.12.0_@nuxt+kit@3.21.0_@vue+compiler-sfc@3.5.28_markdown-it-async@2.2.0_post_czntziis7hcq4ciflhg5inqrtu/node_modules/@slidev/client/styles/shiki-twoslash.css',
    '/Users/zenheart/code/github/learn-ai/node_modules/.pnpm/@unocss+reset@66.6.0/node_modules/@unocss/reset/tailwind.css',
    '/Users/zenheart/code/github/learn-ai/node_modules/.pnpm/unhead@2.1.4/node_modules/unhead/dist/client.mjs',
    '/Users/zenheart/code/github/learn-ai/node_modules/.pnpm/shiki-magic-move@1.2.1_shiki@3.22.0_vue@3.5.28_typescript@5.9.3_/node_modules/shiki-magic-move/dist/style.css',
    '/Users/zenheart/code/github/learn-ai/node_modules/.pnpm/@unhead+vue@2.1.4_vue@3.5.28_typescript@5.9.3_/node_modules/@unhead/vue/dist/shared/vue.Cr7xSEtD.mjs',
    '/Users/zenheart/code/github/learn-ai/node_modules/.pnpm/@unhead+vue@2.1.4_vue@3.5.28_typescript@5.9.3_/node_modules/@unhead/vue/dist/shared/vue.BM998iwd.mjs',
    '/Users/zenheart/code/github/learn-ai/node_modules/.pnpm/unhead@2.1.4/node_modules/unhead/dist/utils.mjs',
    '/Users/zenheart/code/github/learn-ai/node_modules/.pnpm/unhead@2.1.4/node_modules/unhead/dist/plugins.mjs',
    '/Users/zenheart/code/github/learn-ai/node_modules/.pnpm/@unhead+vue@2.1.4_vue@3.5.28_typescript@5.9.3_/node_modules/@unhead/vue/dist/shared/vue.N9zWjxoK.mjs',
    '/Users/zenheart/code/github/learn-ai/node_modules/.pnpm/floating-vue@5.2.2_@nuxt+kit@3.21.0_vue@3.5.28_typescript@5.9.3_/node_modules/floating-vue/dist/floating-vue.mjs',
    '/Users/zenheart/code/github/learn-ai/node_modules/.pnpm/@slidev+client@52.12.0_@nuxt+kit@3.21.0_@vue+compiler-sfc@3.5.28_markdown-it-async@2.2.0_post_czntziis7hcq4ciflhg5inqrtu/node_modules/@slidev/client/constants.ts',
    '/Users/zenheart/code/github/learn-ai/node_modules/.pnpm/@slidev+client@52.12.0_@nuxt+kit@3.21.0_@vue+compiler-sfc@3.5.28_markdown-it-async@2.2.0_post_czntziis7hcq4ciflhg5inqrtu/node_modules/@slidev/client/utils.ts',
    '/Users/zenheart/code/github/learn-ai/node_modules/.pnpm/@slidev+client@52.12.0_@nuxt+kit@3.21.0_@vue+compiler-sfc@3.5.28_markdown-it-async@2.2.0_post_czntziis7hcq4ciflhg5inqrtu/node_modules/@slidev/client/composables/useNav.ts',
    '/Users/zenheart/code/github/learn-ai/node_modules/.pnpm/@vueuse+motion@3.0.3_vue@3.5.28_typescript@5.9.3_/node_modules/@vueuse/motion/dist/index.mjs',
    '/Users/zenheart/code/github/learn-ai/node_modules/.pnpm/@slidev+client@52.12.0_@nuxt+kit@3.21.0_@vue+compiler-sfc@3.5.28_markdown-it-async@2.2.0_post_czntziis7hcq4ciflhg5inqrtu/node_modules/@slidev/client/logic/utils.ts',
    '/Users/zenheart/code/github/learn-ai/node_modules/.pnpm/@slidev+rough-notation@0.1.0/node_modules/@slidev/rough-notation/dist/index.mjs',
    '/Users/zenheart/code/github/learn-ai/node_modules/.pnpm/@slidev+client@52.12.0_@nuxt+kit@3.21.0_@vue+compiler-sfc@3.5.28_markdown-it-async@2.2.0_post_czntziis7hcq4ciflhg5inqrtu/node_modules/@slidev/client/composables/useDragElements.ts',
    '/Users/zenheart/code/github/learn-ai/node_modules/.pnpm/@slidev+client@52.12.0_@nuxt+kit@3.21.0_@vue+compiler-sfc@3.5.28_markdown-it-async@2.2.0_post_czntziis7hcq4ciflhg5inqrtu/node_modules/@slidev/client/pages/overview.vue',
    '/Users/zenheart/code/github/learn-ai/node_modules/.pnpm/@slidev+client@52.12.0_@nuxt+kit@3.21.0_@vue+compiler-sfc@3.5.28_markdown-it-async@2.2.0_post_czntziis7hcq4ciflhg5inqrtu/node_modules/@slidev/client/pages/presenter.vue',
    '/Users/zenheart/code/github/learn-ai/node_modules/.pnpm/@vue+compiler-core@3.5.28/node_modules/@vue/compiler-core/dist/compiler-core.esm-bundler.js',
    '/Users/zenheart/code/github/learn-ai/node_modules/.pnpm/@slidev+client@52.12.0_@nuxt+kit@3.21.0_@vue+compiler-sfc@3.5.28_markdown-it-async@2.2.0_post_czntziis7hcq4ciflhg5inqrtu/node_modules/@slidev/client/pages/entry.vue',
    '/Users/zenheart/code/github/learn-ai/node_modules/.pnpm/vue-router@4.6.4_vue@3.5.28_typescript@5.9.3_/node_modules/vue-router/dist/devtools-EWN81iOl.mjs',
    '/Users/zenheart/code/github/learn-ai/node_modules/.pnpm/@slidev+client@52.12.0_@nuxt+kit@3.21.0_@vue+compiler-sfc@3.5.28_markdown-it-async@2.2.0_post_czntziis7hcq4ciflhg5inqrtu/node_modules/@slidev/client/pages/404.vue',
    '/Users/zenheart/code/github/learn-ai/node_modules/.pnpm/@slidev+client@52.12.0_@nuxt+kit@3.21.0_@vue+compiler-sfc@3.5.28_markdown-it-async@2.2.0_post_czntziis7hcq4ciflhg5inqrtu/node_modules/@slidev/client/pages/play.vue',
    '/Users/zenheart/code/github/learn-ai/node_modules/.pnpm/@slidev+client@52.12.0_@nuxt+kit@3.21.0_@vue+compiler-sfc@3.5.28_markdown-it-async@2.2.0_post_czntziis7hcq4ciflhg5inqrtu/node_modules/@slidev/client/pages/notes.vue',
    '/Users/zenheart/code/github/learn-ai/node_modules/.pnpm/@slidev+client@52.12.0_@nuxt+kit@3.21.0_@vue+compiler-sfc@3.5.28_markdown-it-async@2.2.0_post_czntziis7hcq4ciflhg5inqrtu/node_modules/@slidev/client/pages/notes-edit.vue',
    '/Users/zenheart/code/github/learn-ai/node_modules/.pnpm/@vue+runtime-core@3.5.28/node_modules/@vue/runtime-core/dist/runtime-core.esm-bundler.js',
    '/Users/zenheart/code/github/learn-ai/node_modules/.pnpm/unhead@2.1.4/node_modules/unhead/dist/shared/unhead.BFfcxOoW.mjs',
    '/Users/zenheart/code/github/learn-ai/node_modules/.pnpm/unhead@2.1.4/node_modules/unhead/dist/shared/unhead.yem5I2v_.mjs',
    '/Users/zenheart/code/github/learn-ai/node_modules/.pnpm/unhead@2.1.4/node_modules/unhead/dist/shared/unhead.CbpEuj3y.mjs',
    '/Users/zenheart/code/github/learn-ai/node_modules/.pnpm/hookable@6.0.1/node_modules/hookable/dist/index.mjs',
    '/Users/zenheart/code/github/learn-ai/node_modules/.pnpm/unhead@2.1.4/node_modules/unhead/dist/shared/unhead.eK9_7LaY.mjs',
    '/Users/zenheart/code/github/learn-ai/node_modules/.pnpm/unhead@2.1.4/node_modules/unhead/dist/shared/unhead.BYvz9V1x.mjs',
    '/Users/zenheart/code/github/learn-ai/node_modules/.pnpm/unhead@2.1.4/node_modules/unhead/dist/shared/unhead.DQc16pHI.mjs',
    '/Users/zenheart/code/github/learn-ai/node_modules/.pnpm/unhead@2.1.4/node_modules/unhead/dist/shared/unhead.ckV6dpEQ.mjs',
    '/Users/zenheart/code/github/learn-ai/node_modules/.pnpm/unhead@2.1.4/node_modules/unhead/dist/shared/unhead.CApf5sj3.mjs',
    '/Users/zenheart/code/github/learn-ai/node_modules/.pnpm/@antfu+utils@9.3.0/node_modules/@antfu/utils/dist/index.mjs',
    '/Users/zenheart/code/github/learn-ai/node_modules/.pnpm/@floating-ui+dom@1.1.1/node_modules/@floating-ui/dom/dist/floating-ui.dom.browser.min.mjs',
    '/Users/zenheart/code/github/learn-ai/node_modules/.pnpm/@slidev+theme-default@0.25.0/node_modules/@slidev/theme-default/styles/layouts.css',
    '/Users/zenheart/code/github/learn-ai/node_modules/.pnpm/@slidev+theme-default@0.25.0/node_modules/@slidev/theme-default/styles/prism.css',
    '/Users/zenheart/code/github/learn-ai/node_modules/.pnpm/@slidev+client@52.12.0_@nuxt+kit@3.21.0_@vue+compiler-sfc@3.5.28_markdown-it-async@2.2.0_post_czntziis7hcq4ciflhg5inqrtu/node_modules/@slidev/client/styles/layouts-base.css',
    '/Users/zenheart/code/github/learn-ai/node_modules/.pnpm/@unhead+vue@2.1.4_vue@3.5.28_typescript@5.9.3_/node_modules/@unhead/vue/dist/index.mjs',
    '/Users/zenheart/code/github/learn-ai/node_modules/.pnpm/@slidev+client@52.12.0_@nuxt+kit@3.21.0_@vue+compiler-sfc@3.5.28_markdown-it-async@2.2.0_post_czntziis7hcq4ciflhg5inqrtu/node_modules/@slidev/client/composables/useEmbeddedCtrl.ts',
    '/Users/zenheart/code/github/learn-ai/node_modules/.pnpm/@slidev+client@52.12.0_@nuxt+kit@3.21.0_@vue+compiler-sfc@3.5.28_markdown-it-async@2.2.0_post_czntziis7hcq4ciflhg5inqrtu/node_modules/@slidev/client/composables/usePrintStyles.ts',
    '/Users/zenheart/code/github/learn-ai/node_modules/.pnpm/@slidev+client@52.12.0_@nuxt+kit@3.21.0_@vue+compiler-sfc@3.5.28_markdown-it-async@2.2.0_post_czntziis7hcq4ciflhg5inqrtu/node_modules/@slidev/client/logic/slides.ts',
    '/Users/zenheart/code/github/learn-ai/node_modules/.pnpm/@slidev+client@52.12.0_@nuxt+kit@3.21.0_@vue+compiler-sfc@3.5.28_markdown-it-async@2.2.0_post_czntziis7hcq4ciflhg5inqrtu/node_modules/@slidev/client/composables/useClicks.ts',
    '/Users/zenheart/code/github/learn-ai/node_modules/.pnpm/@slidev+client@52.12.0_@nuxt+kit@3.21.0_@vue+compiler-sfc@3.5.28_markdown-it-async@2.2.0_post_czntziis7hcq4ciflhg5inqrtu/node_modules/@slidev/client/state/shared.ts',
    '/Users/zenheart/code/github/learn-ai/node_modules/.pnpm/@slidev+client@52.12.0_@nuxt+kit@3.21.0_@vue+compiler-sfc@3.5.28_markdown-it-async@2.2.0_post_czntziis7hcq4ciflhg5inqrtu/node_modules/@slidev/client/state/drawings.ts',
    '/Users/zenheart/code/github/learn-ai/node_modules/.pnpm/@slidev+client@52.12.0_@nuxt+kit@3.21.0_@vue+compiler-sfc@3.5.28_markdown-it-async@2.2.0_post_czntziis7hcq4ciflhg5inqrtu/node_modules/@slidev/client/state/index.ts',
    '/Users/zenheart/code/github/learn-ai/node_modules/.pnpm/roughjs@4.6.6/node_modules/roughjs/bin/math.js',
    '/Users/zenheart/code/github/learn-ai/node_modules/.pnpm/roughjs@4.6.6/node_modules/roughjs/bin/renderer.js',
    '/Users/zenheart/code/github/learn-ai/node_modules/.pnpm/roughjs@4.6.6/node_modules/roughjs/bin/generator.js',
    '/Users/zenheart/code/github/learn-ai/node_modules/.pnpm/@slidev+parser@52.12.0_@nuxt+kit@3.21.0_@vue+compiler-sfc@3.5.28_markdown-it-async@2.2.0_post_woo5axxqjdzelq3k2ebhqrxjaq/node_modules/@slidev/parser/dist/core.mjs',
    '/Users/zenheart/code/github/learn-ai/node_modules/.pnpm/defu@6.1.4/node_modules/defu/dist/defu.mjs',
    '/Users/zenheart/code/github/learn-ai/node_modules/.pnpm/@vueuse+shared@13.9.0_vue@3.5.28_typescript@5.9.3_/node_modules/@vueuse/shared/index.mjs',
    '/Users/zenheart/code/github/learn-ai/node_modules/.pnpm/popmotion@11.0.5/node_modules/popmotion/dist/es/index.mjs',
    '/Users/zenheart/code/github/learn-ai/node_modules/.pnpm/style-value-types@5.1.2/node_modules/style-value-types/dist/es/index.mjs',
    '/Users/zenheart/code/github/learn-ai/node_modules/.pnpm/@vueuse+core@13.9.0_vue@3.5.28_typescript@5.9.3_/node_modules/@vueuse/core/index.mjs',
    '/Users/zenheart/code/github/learn-ai/node_modules/.pnpm/framesync@6.1.2/node_modules/framesync/dist/es/index.mjs',
    '/Users/zenheart/code/github/learn-ai/node_modules/.pnpm/@floating-ui+core@1.7.4/node_modules/@floating-ui/core/dist/floating-ui.core.mjs',
    '/Users/zenheart/code/github/learn-ai/ppts/vibe-coding/package.json',
    '/Users/zenheart/code/github/learn-ai/node_modules/.pnpm/unhead@2.1.4/node_modules/unhead/dist/index.mjs',
    '/Users/zenheart/code/github/learn-ai/node_modules/.pnpm/@unhead+vue@2.1.4_vue@3.5.28_typescript@5.9.3_/node_modules/@unhead/vue/dist/shared/vue.eRs8ydhm.mjs',
    '/Users/zenheart/code/github/learn-ai/node_modules/.pnpm/@unhead+vue@2.1.4_vue@3.5.28_typescript@5.9.3_/node_modules/@unhead/vue/dist/utils.mjs',
    '/Users/zenheart/code/github/learn-ai/node_modules/.pnpm/unhead@2.1.4/node_modules/unhead/dist/scripts.mjs',
    '/Users/zenheart/code/github/learn-ai/node_modules/.pnpm/@vue+devtools-api@6.6.4/node_modules/@vue/devtools-api/lib/esm/index.js',
    '/Users/zenheart/code/github/learn-ai/node_modules/.pnpm/roughjs@4.6.6/node_modules/roughjs/bin/fillers/filler.js',
    '/Users/zenheart/code/github/learn-ai/node_modules/.pnpm/path-data-parser@0.1.0/node_modules/path-data-parser/lib/index.js',
    '/Users/zenheart/code/github/learn-ai/node_modules/.pnpm/points-on-curve@0.2.0/node_modules/points-on-curve/lib/curve-to-bezier.js',
    '/Users/zenheart/code/github/learn-ai/node_modules/.pnpm/@slidev+parser@52.12.0_@nuxt+kit@3.21.0_@vue+compiler-sfc@3.5.28_markdown-it-async@2.2.0_post_woo5axxqjdzelq3k2ebhqrxjaq/node_modules/@slidev/parser/dist/utils-BiNCPCdQ.mjs',
    '/Users/zenheart/code/github/learn-ai/node_modules/.pnpm/points-on-curve@0.2.0/node_modules/points-on-curve/lib/index.js',
    '/Users/zenheart/code/github/learn-ai/node_modules/.pnpm/yaml@2.8.2/node_modules/yaml/browser/index.js',
    '/Users/zenheart/code/github/learn-ai/node_modules/.pnpm/points-on-path@0.2.1/node_modules/points-on-path/lib/index.js',
    ... 129 more items
  ],
  Symbol(augmented): true
}
